Layer (type)                 Output Shape              Param #   
=================================================================
lstm_1 (LSTM)                (50, 50, 64)              16896     
_________________________________________________________________
dense_1 (Dense)              (50, 50, 2)               130       
=================================================================
Total params: 17,026
Trainable params: 17,026
Non-trainable params: 0
_________________________________________________________________
None
Train on 19250 samples, validate on 2350 samples
Epoch 1/20
19250/19250 [==============================] - 17s 893us/step - loss: 0.6849 - acc: 0.5222 - val_loss: 0.6714 - val_acc: 0.5999
Epoch 2/20
19250/19250 [==============================] - 25s 1ms/step - loss: 0.6694 - acc: 0.5926 - val_loss: 0.6654 - val_acc: 0.6103
Epoch 3/20
19250/19250 [==============================] - 19s 1ms/step - loss: 0.6653 - acc: 0.5992 - val_loss: 0.6604 - val_acc: 0.6117
Epoch 4/20
19250/19250 [==============================] - 18s 925us/step - loss: 0.6635 - acc: 0.6006 - val_loss: 0.6612 - val_acc: 0.6093
Epoch 5/20
19250/19250 [==============================] - 17s 879us/step - loss: 0.6639 - acc: 0.5995 - val_loss: 0.6563 - val_acc: 0.6166
Epoch 6/20
19250/19250 [==============================] - 17s 886us/step - loss: 0.6616 - acc: 0.6022 - val_loss: 0.6649 - val_acc: 0.6051
Epoch 7/20
19250/19250 [==============================] - 17s 877us/step - loss: 0.6624 - acc: 0.6013 - val_loss: 0.6573 - val_acc: 0.6133
Epoch 8/20
19250/19250 [==============================] - 17s 887us/step - loss: 0.6604 - acc: 0.6043 - val_loss: 0.6509 - val_acc: 0.6216
Epoch 9/20
19250/19250 [==============================] - 17s 891us/step - loss: 0.6596 - acc: 0.6055 - val_loss: 0.6557 - val_acc: 0.6183
Epoch 10/20
19250/19250 [==============================] - 17s 881us/step - loss: 0.6593 - acc: 0.6065 - val_loss: 0.6515 - val_acc: 0.6218
Epoch 11/20
19250/19250 [==============================] - 19s 968us/step - loss: 0.6571 - acc: 0.6086 - val_loss: 0.6553 - val_acc: 0.6196
Epoch 12/20
19250/19250 [==============================] - 17s 892us/step - loss: 0.6567 - acc: 0.6095 - val_loss: 0.6501 - val_acc: 0.6208
Epoch 13/20
19250/19250 [==============================] - 17s 891us/step - loss: 0.6565 - acc: 0.6101 - val_loss: 0.6515 - val_acc: 0.6199
Epoch 14/20
19250/19250 [==============================] - 17s 890us/step - loss: 0.6563 - acc: 0.6095 - val_loss: 0.6508 - val_acc: 0.6239
Epoch 15/20
19250/19250 [==============================] - 17s 890us/step - loss: 0.6546 - acc: 0.6137 - val_loss: 0.6529 - val_acc: 0.6219
Epoch 16/20
19250/19250 [==============================] - 17s 884us/step - loss: 0.6539 - acc: 0.6133 - val_loss: 0.6543 - val_acc: 0.6190
Epoch 17/20
19250/19250 [==============================] - 17s 882us/step - loss: 0.6536 - acc: 0.6128 - val_loss: 0.6496 - val_acc: 0.6257
Epoch 18/20
19250/19250 [==============================] - 17s 900us/step - loss: 0.6549 - acc: 0.6130 - val_loss: 0.6475 - val_acc: 0.6243
Epoch 19/20
19250/19250 [==============================] - 18s 913us/step - loss: 0.6537 - acc: 0.6156 - val_loss: 0.6521 - val_acc: 0.6203
Epoch 20/20
19250/19250 [==============================] - 18s 912us/step - loss: 0.6527 - acc: 0.6148 - val_loss: 0.6510 - val_acc: 0.6258
Shuffle: [ 939  373 1966  830 1302 2148  186 1594   47 1113 1900 1737 1021 1205
 2124  313 1441 1883 1180 2268 2025  709 1843 2055  636  512  841 1504
 2216  225  707 2311  410  619 2388 2364 2341 1775 2381  802  726   33
 1778  806 2043  162   55  382 2320 1015]
Shuffled: 50 data and 50 labels
Elapsed: 0:00:00.002180
sample                                  actual          predicted               prediction error (over correct class)
wait_0_linear_L...r_L_SHO_ROLL_11       0       [0.36821234 0.6317877 ]         **0.6317876577377319**
leila_danceswav..._R_SHO_PITCH_16       0       [0.4227853 0.5772147]   **0.5772146880626678**
police_freeze_c..._0_R_SHO_ROLL_6       0       [0.70195925 0.29804072]         0.2980407476425171
male2_d12_ready...dy_RightArm_y_8       1       [0.3415371 0.6584629]   0.34153711795806885
male2_d11_ready...oready_Hips_y_0       1       [0.66556066 0.3344394 ]         **0.6655606031417847**
female1_a03_swi...gt2_Spine1_z_13       1       [0.39823785 0.6017622 ]         0.39823782444000244
male2_a3_swinga...arms_Spine1_x_9       1       [0.38616133 0.61383873]         0.38616126775741577
leila_danceswav...ave2_R_ELBOW_47       0       [0.7872351  0.21276487]         0.2127649188041687
female1_a03_swi...ing_LeftArm_x_8       1       [0.43831518 0.56168485]         **0.43831515312194824**
leila_dances_ca...g_R_SHO_ROLL_42       0       [0.36915687 0.6308431 ]         **0.6308431327342987**
female1_d1_urba...ghtForeArm_z_28       1       [0.31876507 0.6812349 ]         0.3187651038169861
leila_dances_ca...mull_L_ELBOW_46       0       [0.7055971  0.29440287]         0.2944028973579407
male2_d4_readyt...ghtForeArm_z_20       1       [0.6368174  0.36318257]         **0.6368174254894257**
greeting_jumpin...bic_0_L_ELBOW_1       0       [0.66933113 0.33066884]         0.3306688666343689
muscle_combo_2_...bo_2_R_ELBOW_24       0       [0.64700913 0.3529909 ]         0.35299086570739746
female1_d2_wait...LeftForeArm_x_7       1       [0.72201854 0.2779814 ]         **0.7220185995101929**
male2_d11_ready...LeftForeArm_x_4       1       [0.5853545  0.41464552]         **0.5853544771671295**
female1_d2_wait...ait_LeftArm_z_2       1       [0.3870323 0.6129677]   0.38703227043151855
muscle_combo_2_..._L_SHO_PITCH_23       0       [0.6412645  0.35873553]         0.35873550176620483
male2_a3_swinga...garms_Hips_y_12       1       [0.5676727  0.43232727]         **0.5676727294921875**
female1_d2_wait...lump_Spine1_y_1       1       [0.38382402 0.61617595]         0.38382405042648315
male2_d13_crouc...y_RightArm_z_20       1       [0.74733764 0.2526623 ]         **0.7473376989364624**
clap_linear_0_R...ear_0_R_ELBOW_4       0       [0.48275158 0.5172484 ]         **0.5172484219074249**
female1_a02_swa...yt2_Spine1_y_36       1       [0.37950894 0.6204911 ]         0.379508912563324
alas_mirror_cub...bic_HEAD_TILT_9       0       [0.8029691  0.19703092]         0.1970309019088745
female1_a02_swa...ghtForeArm_z_25       1       [0.6414327 0.3585673]   **0.6414327025413513**
leila_dances_ca..._R_SHO_ROLL_165       0       [0.46139887 0.5386011 ]         **0.5386011302471161**
leila_dances_ca...ng2_HEAD_PAN_73       0       [0.60265887 0.39734113]         0.39734113216400146
female1_a02_swa...t2_LeftArm_y_23       1       [0.6929107 0.3070893]   **0.6929107010364532**
nope_catmull-ro..._R_SHO_PITCH_11       0       [0.57239026 0.4276097 ]         **0.42760974168777466**
alas_cubic_HEAD...bic_HEAD_TILT_0       0       [0.6609075  0.33909246]         0.339092493057251
police_freeze_l..._0_R_SHO_ROLL_5       0       [0.6820113 0.3179887]   0.31798869371414185
muscle_combo_1_...o_1_HEAD_TILT_8       0       [0.38673428 0.61326575]         **0.613265722990036**
male2_d9_victor...y1_LeftArm_z_16       1       [0.56781065 0.43218935]         **0.5678106546401978**
leila_dances_wa..._R_SHO_PITCH_13       0       [0.4512489 0.5487511]   **0.5487510859966278**
leila_dances_cu...0_R_SHO_PITCH_5       0       [0.43671086 0.56328917]         **0.5632891356945038**
female1_a03_swi...eftForeArm_z_38       1       [0.39374858 0.6062514 ]         0.39374858140945435
male2_a3_swinga...LeftForeArm_x_0       1       [0.44379753 0.5562025 ]         **0.4437975287437439**
leila_dances_li..._0_L_SHO_ROLL_8       0       [0.53581065 0.46418932]         **0.464189350605011**
male1_a7_crouch...ouch_Spine1_y_7       1       [0.6536175  0.34638247]         **0.6536175310611725**
alas_mirror_cat...m_L_SHO_PITCH_1       0       [0.46233383 0.5376662 ]         **0.5376661717891693**
female1_a06_lif...x_RightArm_y_14       1       [0.59075 0.40925]       **0.5907500088214874**
female1_a06_lif...2_RightArm_z_15       1       [0.65150636 0.3484937 ]         **0.6515063047409058**
leila_dances_cu...ic_0_R_ELBOW_15       0       [0.7111003  0.28889978]         0.2888997197151184
female1_a02_swa...LeftForeArm_y_8       1       [0.3963787  0.60362136]         0.39637863636016846
male2_e9_bodyho...LeftForeArm_y_1       1       [0.31026334 0.68973666]         0.31026333570480347
leila_dances_ca...ong_HEAD_PAN_46       0       [0.6022333 0.3977667]   0.39776670932769775
female1_a02_swa...ghtForeArm_x_13       1       [0.6438342 0.3561659]   **0.643834114074707**
female1_d2_wait...ands_Spine1_x_0       1       [0.80875945 0.19124061]         **0.8087593913078308**
female1_d2_wait...se1_LeftArm_z_5       1       [0.42107776 0.5789222 ]         **0.42107778787612915**

================

Confusion matrix

================

        P       N
P       10      17
N       11      12
Precision: 0.47619047619047616
Recall: 0.37037037037037035

Tensorboard: 20180302_092125
