_________________________________________________________________
Layer (type)                 Output Shape              Param #   
=================================================================
lstm_2 (LSTM)                (50, 50, 64)              16896     
_________________________________________________________________
lstm_3 (LSTM)                (50, 50, 128)             98816     
_________________________________________________________________
dense_2 (Dense)              (50, 50, 2)               258       
=================================================================
Total params: 115,970
Trainable params: 115,970
Non-trainable params: 0
_________________________________________________________________
None
Train on 19150 samples, validate on 2400 samples
Epoch 1/20
19150/19150 [==============================] - 55s 3ms/step - loss: 0.6868 - acc: 0.5325 - val_loss: 0.6703 - val_acc: 0.5900
Epoch 2/20
19150/19150 [==============================] - 55s 3ms/step - loss: 0.6723 - acc: 0.5892 - val_loss: 0.6663 - val_acc: 0.5961
Epoch 3/20
19150/19150 [==============================] - 55s 3ms/step - loss: 0.6672 - acc: 0.5952 - val_loss: 0.6633 - val_acc: 0.5997
Epoch 4/20
19150/19150 [==============================] - 60s 3ms/step - loss: 0.6641 - acc: 0.5995 - val_loss: 0.6580 - val_acc: 0.6024
Epoch 5/20
19150/19150 [==============================] - 50s 3ms/step - loss: 0.6603 - acc: 0.6049 - val_loss: 0.6568 - val_acc: 0.6055
Epoch 6/20
19150/19150 [==============================] - 50s 3ms/step - loss: 0.6585 - acc: 0.6077 - val_loss: 0.6541 - val_acc: 0.6097
Epoch 7/20
19150/19150 [==============================] - 51s 3ms/step - loss: 0.6562 - acc: 0.6107 - val_loss: 0.6554 - val_acc: 0.6115
Epoch 8/20
19150/19150 [==============================] - 50s 3ms/step - loss: 0.6561 - acc: 0.6117 - val_loss: 0.6466 - val_acc: 0.6202
Epoch 9/20
19150/19150 [==============================] - 50s 3ms/step - loss: 0.6516 - acc: 0.6151 - val_loss: 0.6465 - val_acc: 0.6220
Epoch 10/20
19150/19150 [==============================] - 51s 3ms/step - loss: 0.6504 - acc: 0.6187 - val_loss: 0.6447 - val_acc: 0.6245
Epoch 11/20
19150/19150 [==============================] - 51s 3ms/step - loss: 0.6489 - acc: 0.6201 - val_loss: 0.6459 - val_acc: 0.6207
Epoch 12/20
19150/19150 [==============================] - 51s 3ms/step - loss: 0.6468 - acc: 0.6236 - val_loss: 0.6389 - val_acc: 0.6306
Epoch 13/20
19150/19150 [==============================] - 50s 3ms/step - loss: 0.6449 - acc: 0.6264 - val_loss: 0.6408 - val_acc: 0.6309
Epoch 14/20
19150/19150 [==============================] - 51s 3ms/step - loss: 0.6422 - acc: 0.6294 - val_loss: 0.6331 - val_acc: 0.6404
Epoch 15/20
19150/19150 [==============================] - 51s 3ms/step - loss: 0.6395 - acc: 0.6329 - val_loss: 0.6310 - val_acc: 0.6399
Epoch 16/20
19150/19150 [==============================] - 51s 3ms/step - loss: 0.6354 - acc: 0.6365 - val_loss: 0.6351 - val_acc: 0.6363
Epoch 17/20
19150/19150 [==============================] - 51s 3ms/step - loss: 0.6325 - acc: 0.6388 - val_loss: 0.6233 - val_acc: 0.6526
Epoch 18/20
19150/19150 [==============================] - 50s 3ms/step - loss: 0.6226 - acc: 0.6502 - val_loss: 0.6247 - val_acc: 0.6402
Epoch 19/20
19150/19150 [==============================] - 50s 3ms/step - loss: 0.6112 - acc: 0.6646 - val_loss: 0.6328 - val_acc: 0.6518
Epoch 20/20
19150/19150 [==============================] - 50s 3ms/step - loss: 0.5966 - acc: 0.6780 - val_loss: 0.5955 - val_acc: 0.6821
Shuffle: [ 374 2154   70 1093 1862 1239  528 1257 1949  440   29 1867 2027  605
 1253  835 2058 2032 1508 1314  627  453 1087  181  331 2118 1217  791
 2139 1660 1762  966 1687 1245 1577 2036 2028  516 1783 2048 1489  289
 1664  592   14  421 2237  593 1469  606]
Shuffled: 50 data and 50 labels
Elapsed: 0:00:00.001580
sample                                  actual          predicted               prediction error (over correct class)
alas_catmull-ro...-rom_R_ELBOW_13       0       [0.8941489  0.10585108]         0.10585111379623413
female1_d3_conv...way_LeftArm_x_7       1       [0.84113795 0.15886204]         **0.8411379605531693**
male2_d9_victor...LeftForeArm_x_4       1       [0.34849924 0.65150076]         0.34849923849105835
female1_a03_swi...ightForeArm_z_3       1       [0.55644894 0.44355106]         **0.5564489364624023**
leila_dances_ca...t_R_SHO_PITCH_9       0       [0.85213685 0.14786321]         0.14786314964294434
male2_d9_victor...1_RightArm_x_12       1       [0.39890847 0.6010915 ]         0.39890849590301514
leila_dances_wa...ve2_HEAD_PAN_11       0       [0.8121183  0.18788171]         0.1878817081451416
leila_dances_ca..._L_SHO_ROLL_115       0       [0.8711203  0.12887976]         0.12887972593307495
female1_a03_swi...wing_Spine1_z_9       1       [0.524613   0.47538698]         **0.5246130228042603**
leila_danceswav...ic_0_R_ELBOW_13       0       [0.7349947  0.26500523]         0.26500529050827026
female1_a04_loo...4_look_Hips_z_8       1       [0.85491127 0.14508873]         **0.8549112677574158**
female1_d2_wait..._wait_Hips_z_22       1       [0.20139171 0.7986083 ]         0.20139169692993164
muscle_combo_2_...bo_2_HEAD_PAN_9       0       [0.8493428  0.15065722]         0.15065717697143555
muscle_combo_2_..._R_SHO_PITCH_16       0       [0.76494396 0.235056  ]         0.2350560426712036
leila_dances_L_...nces_L_ELBOW_15       0       [0.64968437 0.35031557]         0.3503156304359436
female1_a06_lif...t2_LeftArm_z_12       1       [0.87071425 0.12928577]         **0.8707142323255539**
female1_d2_wait...ghtForeArm_y_45       1       [0.7313388 0.2686612]   **0.7313387989997864**
leila_dances_ca..._R_SHO_PITCH_10       0       [0.46357003 0.53642994]         **0.5364299714565277**
leila_dances_ca..._R_SHO_ROLL_226       0       [0.8805751  0.11942489]         0.11942487955093384
female1_a02_swa...2_RightArm_y_21       1       [0.6714302  0.32856986]         **0.6714301407337189**
male1_a5_pickup...ightForeArm_y_8       1       [0.6582175  0.34178254]         **0.6582174599170685**
leila_dances_ca...lt_R_SHO_ROLL_3       0       [0.7654475 0.2345525]   0.2345525026321411
female1_a04_loo...eftForeArm_z_44       1       [0.22340988 0.7765901 ]         0.22340989112854004
female1_a04_loo...ook_LeftArm_z_0       1       [0.37333056 0.6266694 ]         0.37333059310913086
male1_a7_crouch...crouch_Hips_x_2       1       [0.18571928 0.8142807 ]         0.1857193112373352
muscle_combo_2_...2_R_SHO_ROLL_23       0       [0.8378594 0.1621406]   0.1621406078338623
female1_a04_loo...ghtForeArm_x_49       1       [0.27863973 0.7213603 ]         0.27863967418670654
male2_e7_upperc...ightForeArm_z_6       1       [0.8533888  0.14661123]         **0.8533887714147568**
wave1_catmull-r...l-rom_L_ELBOW_8       0       [0.68711686 0.3128831 ]         0.3128831386566162
male2_a3_swinga...ngarms_Hips_z_3       1       [0.27798572 0.72201425]         0.27798575162887573
female1_d2_wait...ightForeArm_z_4       1       [0.2193774 0.7806226]   0.21937739849090576
leila_dances_cu..._L_SHO_PITCH_39       0       [0.86951405 0.13048592]         0.13048595190048218
female1_d2_wait...lump_Spine1_y_1       1       [0.17658623 0.8234138 ]         0.17658621072769165
female1_a04_loo...eftForeArm_x_47       1       [0.2850921  0.71490794]         0.2850920557975769
female1_d1_urba...rban_Spine1_x_6       1       [0.8099518  0.19004828]         **0.8099517226219177**
female1_d3_conv...ightForeArm_z_0       1       [0.5976447  0.40235534]         **0.5976446568965912**
leila_dances_L_...s_L_SHO_ROLL_17       0       [0.4313412 0.5686588]   **0.5686587989330292**
combo_1_L_SHO_R...1_L_SHO_ROLL_23       0       [0.7936818  0.20631818]         0.206318199634552
clap_HEAD_TILT_...lap_HEAD_TILT_1       0       [0.84098065 0.1590193 ]         0.1590193510055542
male2_d16_switc...ightForeArm_x_0       1       [0.31118405 0.68881595]         0.3111840486526489
leila_dances_ca...ault_R_ELBOW_37       0       [0.8168055  0.18319446]         0.18319451808929443
combo_1_R_ELBOW...bo_1_R_ELBOW_20       0       [0.7758567  0.22414331]         0.22414332628250122
male1_a5_pickup...upbox_Hips_x_11       1       [0.8455196 0.1544804]   **0.8455196022987366**
female1_d2_wait...e1_RightArm_x_6       1       [0.11564087 0.8843591 ]         0.11564087867736816
brah_cubic_0_L_..._0_L_SHO_ROLL_4       0       [0.7728774  0.22712262]         0.22712260484695435
female1_a05_pic...ox_RightArm_y_6       1       [0.23863854 0.7613615 ]         0.2386385202407837
why_R_SHO_ROLL_...hy_R_SHO_ROLL_3       0       [0.56159246 0.43840754]         **0.4384075403213501**
male1_a5_pickup...ox_RightArm_y_0       1       [0.35968602 0.64031404]         0.3596859574317932
female1_d2_wait...it_LeftArm_y_72       1       [0.10574163 0.8942584 ]         0.10574162006378174
female1_a02_swa...ghtForeArm_x_18       1       [0.5558493  0.44415066]         **0.5558493435382843**

================

Confusion matrix

================

        P       N
P       16      13
N       3       18
Precision: 0.8421052631578947
Recall: 0.5517241379310345

Tensorboard: 20180302_093034

# Try 2
_________________________________________________________________
Layer (type)                 Output Shape              Param #   
=================================================================
lstm_4 (LSTM)                (50, 50, 64)              16896     
_________________________________________________________________
lstm_5 (LSTM)                (50, 50, 128)             98816     
_________________________________________________________________
dense_3 (Dense)              (50, 50, 2)               258       
=================================================================
Total params: 115,970
Trainable params: 115,970
Non-trainable params: 0
_________________________________________________________________
None
Train on 19200 samples, validate on 2350 samples
Epoch 1/20
19200/19200 [==============================] - 54s 3ms/step - loss: 0.6865 - acc: 0.5328 - val_loss: 0.6688 - val_acc: 0.5934
Epoch 2/20
19200/19200 [==============================] - 54s 3ms/step - loss: 0.6708 - acc: 0.5910 - val_loss: 0.6635 - val_acc: 0.6024
Epoch 3/20
19200/19200 [==============================] - 54s 3ms/step - loss: 0.6669 - acc: 0.5957 - val_loss: 0.6596 - val_acc: 0.6011
Epoch 4/20
19200/19200 [==============================] - 54s 3ms/step - loss: 0.6627 - acc: 0.6032 - val_loss: 0.6622 - val_acc: 0.5995
Epoch 5/20
19200/19200 [==============================] - 54s 3ms/step - loss: 0.6591 - acc: 0.6073 - val_loss: 0.6589 - val_acc: 0.6033
Epoch 6/20
19200/19200 [==============================] - 54s 3ms/step - loss: 0.6577 - acc: 0.6092 - val_loss: 0.6605 - val_acc: 0.6015
Epoch 7/20
19200/19200 [==============================] - 54s 3ms/step - loss: 0.6560 - acc: 0.6100 - val_loss: 0.6568 - val_acc: 0.6062
Epoch 8/20
19200/19200 [==============================] - 54s 3ms/step - loss: 0.6560 - acc: 0.6108 - val_loss: 0.6526 - val_acc: 0.6138
Epoch 9/20
19200/19200 [==============================] - 54s 3ms/step - loss: 0.6530 - acc: 0.6144 - val_loss: 0.6531 - val_acc: 0.6106
Epoch 10/20
19200/19200 [==============================] - 54s 3ms/step - loss: 0.6523 - acc: 0.6160 - val_loss: 0.6506 - val_acc: 0.6138
Epoch 11/20
19200/19200 [==============================] - 54s 3ms/step - loss: 0.6497 - acc: 0.6188 - val_loss: 0.6471 - val_acc: 0.6218
Epoch 12/20
19200/19200 [==============================] - 63s 3ms/step - loss: 0.6488 - acc: 0.6201 - val_loss: 0.6482 - val_acc: 0.6232
Epoch 13/20
19200/19200 [==============================] - 53s 3ms/step - loss: 0.6481 - acc: 0.6221 - val_loss: 0.6456 - val_acc: 0.6210
Epoch 14/20
19200/19200 [==============================] - 53s 3ms/step - loss: 0.6440 - acc: 0.6264 - val_loss: 0.6440 - val_acc: 0.6220
Epoch 15/20
19200/19200 [==============================] - 53s 3ms/step - loss: 0.6418 - acc: 0.6305 - val_loss: 0.6400 - val_acc: 0.6256
Epoch 16/20
19200/19200 [==============================] - 54s 3ms/step - loss: 0.6389 - acc: 0.6319 - val_loss: 0.6361 - val_acc: 0.6337
Epoch 17/20
19200/19200 [==============================] - 53s 3ms/step - loss: 0.6363 - acc: 0.6346 - val_loss: 0.6286 - val_acc: 0.6419
Epoch 18/20
19200/19200 [==============================] - 50s 3ms/step - loss: 0.6252 - acc: 0.6489 - val_loss: 0.6248 - val_acc: 0.6505
Epoch 19/20
19200/19200 [==============================] - 50s 3ms/step - loss: 0.6121 - acc: 0.6636 - val_loss: 0.5952 - val_acc: 0.6802
Epoch 20/20
19200/19200 [==============================] - 50s 3ms/step - loss: 0.5918 - acc: 0.6809 - val_loss: 0.5695 - val_acc: 0.7032
Training Elapsed: 0:17:51.821898
Shuffle: [ 257 1193  739  129  378  779 1782 2324  715 2033   96 2157  254 1469
 2052  219 1970 1448  721  585  931  747 1905 2026  950  202 1887 1978
 1611 1286 2195  885 1939 1793  741 1487 1391  288 1364 2051 1791  547
 1946 1025  789 1763 2201  106  992 1980]
Shuffled: 50 data and 50 labels
Elapsed: 0:00:00.001598
sample                                  actual          predicted               prediction error (over correct class)
female1_d2_wait...t_RightArm_y_48       1       [0.29467773 0.70532227]         0.294677734375
greeting_jumpin...0_R_SHO_PITCH_4       0       [0.7803748  0.21962517]         0.21962517499923706
female1_d2_wait...ait_Spine1_x_69       1       [0.27441433 0.7255857 ]         0.2744143009185791
male2_d9_warmup...p_RightArm_y_12       1       [0.35128254 0.64871746]         0.35128253698349
male2_e7_upperc...LeftForeArm_z_6       1       [0.8213633  0.17863674]         **0.8213632553815842**
male2_d10_victo...ightForeArm_y_4       1       [0.21618396 0.78381604]         0.21618396043777466
muscle_combo_2_...o_2_HEAD_PAN_22       0       [0.7271044 0.2728956]   0.27289557456970215
female1_d3_conv...igh_LeftArm_y_3       1       [0.45906377 0.54093623]         **0.4590637683868408**
female1_a04_loo...k_RightArm_z_42       1       [0.28653476 0.7134653 ]         0.28653472661972046
combo_1_linear_...ear_0_R_ELBOW_5       0       [0.7323394 0.2676606]   0.26766061782836914
leila_danceswav...2_R_SHO_ROLL_76       0       [0.4205437  0.57945627]         **0.5794562995433807**
male2_e9_bodyho...LeftForeArm_z_4       1       [0.67769074 0.32230923]         **0.6776907742023468**
combo_1_HEAD_TI..._1_HEAD_TILT_16       0       [0.72190017 0.27809978]         0.27809983491897583
male2_d8_bowtor...ady_Spine1_y_12       1       [0.7711348  0.22886524]         **0.77113476395607**
wait_0_catmull-...rom_HEAD_TILT_0       0       [0.71134967 0.28865036]         0.2886503338813782
female1_d2_wait...wait_Spine1_x_5       1       [0.69821095 0.30178908]         **0.6982109248638153**
female1_a02_swa...wayt2_Hips_y_17       1       [0.59695405 0.40304595]         **0.5969540476799011**
onguard_linear_...ear_0_L_ELBOW_6       0       [0.33097902 0.669021  ]         **0.6690209805965424**
victorypose_cat...-rom_R_ELBOW_11       0       [0.5688632  0.43113676]         **0.4311367869377136**
alas_linear_L_S...ar_L_SHO_ROLL_1       0       [0.7019865  0.29801348]         0.29801350831985474
leila_danceswav...2_R_SHO_ROLL_31       0       [0.6205625 0.3794375]   0.37943750619888306
female1_d3_conv...enhere_Hips_x_2       1       [0.313635   0.68636507]         0.3136349320411682
female1_d2_wait..._wait_Hips_z_72       1       [0.19665578 0.80334425]         0.1966557502746582
leila_dances_ca...g_R_SHO_ROLL_14       0       [0.47222456 0.52777547]         **0.5277754366397858**
female1_d1_urba...urban_Hips_z_23       1       [0.1193273 0.8806727]   0.11932730674743652
female1_d1_urba...ightForeArm_y_2       1       [0.263358 0.736642]     0.2633579969406128
female1_d2_wait..._wait_Hips_x_61       1       [0.26742747 0.73257256]         0.2674274444580078
leila_dances_ca...l_R_SHO_ROLL_42       0       [0.4713565 0.5286435]   **0.5286434888839722**
female1_d2_wait...ands_Spine1_y_3       1       [0.2985498 0.7014502]   0.2985497713088989
clap_catmull-ro...0_R_SHO_PITCH_5       0       [0.6997132 0.3002868]   0.30028682947158813
leila_dances_ca...g2_HEAD_PAN_163       0       [0.7707644  0.22923562]         0.22923558950424194
female1_a03_swi...eftForeArm_z_38       1       [0.25436515 0.7456348 ]         0.2543652057647705
male2_e3_crossl...ft_RightArm_z_4       1       [0.24932334 0.75067663]         0.24932336807250977
muscle_combo_1_..._1_L_SHO_ROLL_7       0       [0.8348188  0.16518122]         0.1651812195777893
female1_a04_loo...eftForeArm_x_18       1       [0.21491143 0.78508854]         0.21491146087646484
leila_dances_ca...tmull_L_ELBOW_3       0       [0.88155144 0.11844853]         0.11844855546951294
victorypose_lon...rom_HEAD_TILT_2       0       [0.5779454  0.42205456]         **0.42205458879470825**
muscle_combo_2_..._R_SHO_PITCH_24       0       [0.9076381  0.09236194]         0.0923619270324707
female1_a06_lif...box_Spine1_z_10       1       [0.28546536 0.71453464]         0.2854653596878052
police_freeze_L...e_L_SHO_PITCH_4       0       [0.49773735 0.50226265]         **0.5022626519203186**
leila_dances_cu...0_R_SHO_ROLL_17       0       [0.34984937 0.6501506 ]         **0.6501506268978119**
why_cubic_0_L_S..._0_L_SHO_ROLL_2       0       [0.74178773 0.25821227]         0.25821226835250854
female1_a06_lif...box_Spine1_x_16       1       [0.12906606 0.870934  ]         0.12906599044799805
search_linear_L..._L_SHO_PITCH_13       0       [0.33800542 0.6619946 ]         **0.6619945764541626**
female1_a05_pic...ightForeArm_y_5       1       [0.31368557 0.68631446]         0.3136855363845825
male2_d11_ready...ghtForeArm_x_14       1       [0.5036548 0.4963452]   **0.503654807806015**
female1_a04_loo...ok_LeftArm_y_40       1       [0.23324217 0.7667578 ]         0.2332422137260437
leila_dances_L_...ances_L_ELBOW_9       0       [0.9294777  0.07052228]         0.07052230834960938
muscle_flex_L_S...ex_L_SHO_ROLL_4       0       [0.58901143 0.4109886 ]         **0.41098856925964355**
female1_d3_conv...yyy_LeftArm_z_5       1       [0.13082406 0.8691759 ]         0.13082408905029297

================

Confusion matrix

================

        P       N
P       19      7
N       10      14
Precision: 0.6551724137931034
Recall: 0.7307692307692307

Tensorboard: 20180302_142855