Train on 11450 samples, validate on 1400 samples
Epoch 1/20
11450/11450 [==============================] - 9s 784us/step - loss: 0.6473 - acc: 0.6263 - val_loss: 0.6453 - val_acc: 0.6273
Epoch 2/20
11450/11450 [==============================] - 9s 792us/step - loss: 0.6470 - acc: 0.6275 - val_loss: 0.6404 - val_acc: 0.6335
Epoch 3/20
11450/11450 [==============================] - 9s 762us/step - loss: 0.6458 - acc: 0.6301 - val_loss: 0.6432 - val_acc: 0.6301
Epoch 4/20
11450/11450 [==============================] - 9s 746us/step - loss: 0.6456 - acc: 0.6285 - val_loss: 0.6389 - val_acc: 0.6345
Epoch 5/20
11450/11450 [==============================] - 9s 792us/step - loss: 0.6461 - acc: 0.6289 - val_loss: 0.6473 - val_acc: 0.6258
Epoch 6/20
11450/11450 [==============================] - 8s 729us/step - loss: 0.6445 - acc: 0.6311 - val_loss: 0.6434 - val_acc: 0.6315
Epoch 7/20
11450/11450 [==============================] - 8s 738us/step - loss: 0.6427 - acc: 0.6326 - val_loss: 0.6395 - val_acc: 0.6332
Epoch 8/20
11450/11450 [==============================] - 8s 726us/step - loss: 0.6443 - acc: 0.6300 - val_loss: 0.6372 - val_acc: 0.6345
Epoch 9/20
11450/11450 [==============================] - 8s 719us/step - loss: 0.6423 - acc: 0.6338 - val_loss: 0.6336 - val_acc: 0.6412
Epoch 10/20
11450/11450 [==============================] - 8s 737us/step - loss: 0.6419 - acc: 0.6330 - val_loss: 0.6373 - val_acc: 0.6407
Epoch 11/20
11450/11450 [==============================] - 8s 716us/step - loss: 0.6413 - acc: 0.6355 - val_loss: 0.6338 - val_acc: 0.6422
Epoch 12/20
11450/11450 [==============================] - 8s 719us/step - loss: 0.6407 - acc: 0.6361 - val_loss: 0.6320 - val_acc: 0.6441
Epoch 13/20
11450/11450 [==============================] - 8s 722us/step - loss: 0.6391 - acc: 0.6382 - val_loss: 0.6302 - val_acc: 0.6430
Epoch 14/20
11450/11450 [==============================] - 10s 897us/step - loss: 0.6378 - acc: 0.6402 - val_loss: 0.6288 - val_acc: 0.6466
Epoch 15/20
11450/11450 [==============================] - 9s 743us/step - loss: 0.6386 - acc: 0.6390 - val_loss: 0.6317 - val_acc: 0.6433
Epoch 16/20
11450/11450 [==============================] - 8s 717us/step - loss: 0.6361 - acc: 0.6411 - val_loss: 0.6210 - val_acc: 0.6578
Epoch 17/20
11450/11450 [==============================] - 9s 782us/step - loss: 0.6345 - acc: 0.6418 - val_loss: 0.6325 - val_acc: 0.6460
Epoch 18/20
11450/11450 [==============================] - 8s 723us/step - loss: 0.6342 - acc: 0.6427 - val_loss: 0.6180 - val_acc: 0.6629
Epoch 19/20
11450/11450 [==============================] - 8s 724us/step - loss: 0.6322 - acc: 0.6455 - val_loss: 0.6180 - val_acc: 0.6597
Epoch 20/20
11450/11450 [==============================] - 8s 734us/step - loss: 0.6307 - acc: 0.6475 - val_loss: 0.6205 - val_acc: 0.6580

model.summary()
_________________________________________________________________
Layer (type)                 Output Shape              Param #   
=================================================================
gru_9 (GRU)                  (50, 50, 64)              12672     
_________________________________________________________________
dense_5 (Dense)              (50, 50, 2)               130       
=================================================================
Total params: 12,802
Trainable params: 12,802
Non-trainable params: 0
_________________________________________________________________

logfile: logs/20180213_181052