_________________________________________________________________
Layer (type)                 Output Shape              Param #   
=================================================================
gru_17 (GRU)                 (50, 50, 64)              12672     
_________________________________________________________________
gru_18 (GRU)                 (50, 50, 128)             74112     
_________________________________________________________________
gru_19 (GRU)                 (50, 50, 256)             295680    
_________________________________________________________________
dense_8 (Dense)              (50, 50, 2)               514       
=================================================================
Total params: 382,978
Trainable params: 382,978
Non-trainable params: 0
_________________________________________________________________
None
Train on 19200 samples, validate on 2400 samples
Epoch 1/10
19200/19200 [==============================] - 127s 7ms/step - loss: 0.6934 - acc: 0.4844 - val_loss: 0.6906 - val_acc: 0.4766
Epoch 2/10
19200/19200 [==============================] - 127s 7ms/step - loss: 0.6812 - acc: 0.5583 - val_loss: 0.6667 - val_acc: 0.5985
Epoch 3/10
19200/19200 [==============================] - 127s 7ms/step - loss: 0.6661 - acc: 0.6003 - val_loss: 0.6748 - val_acc: 0.5905
Epoch 4/10
19200/19200 [==============================] - 125s 7ms/step - loss: 0.6533 - acc: 0.6173 - val_loss: 0.6455 - val_acc: 0.6287
Epoch 5/10
19200/19200 [==============================] - 130s 7ms/step - loss: 0.5855 - acc: 0.6805 - val_loss: 0.4739 - val_acc: 0.7671
Epoch 6/10
19200/19200 [==============================] - 129s 7ms/step - loss: 0.3905 - acc: 0.8124 - val_loss: 0.3141 - val_acc: 0.8596
Epoch 7/10
19200/19200 [==============================] - 129s 7ms/step - loss: 0.2833 - acc: 0.8697 - val_loss: 0.3259 - val_acc: 0.8459
Epoch 8/10
19200/19200 [==============================] - 130s 7ms/step - loss: 0.2466 - acc: 0.8876 - val_loss: 0.2360 - val_acc: 0.8927
Epoch 9/10
19200/19200 [==============================] - 131s 7ms/step - loss: 0.2228 - acc: 0.8996 - val_loss: 0.2399 - val_acc: 0.8938
Epoch 10/10
19200/19200 [==============================] - 129s 7ms/step - loss: 0.2019 - acc: 0.9104 - val_loss: 0.2166 - val_acc: 0.9095
Shuffle: [1607 1311  714 2341  799  650 1970 1512  603    7 1161 1670 1663  632
  824  539  497 1019 1821 1883 2064 1150 1908 2302  619  217  614 2310
 2059 1404  688  523  938  129   73 1983  986   33 2206 2170 1961 2207
 1227 2061  447   42  704 1778  578 1305]
Shuffled: 50 data and 50 labels
Elapsed: 0:00:00.002103
sample                                  actual          predicted               prediction error (over correct class)
leila_dances_wa...2_L_SHO_ROLL_82       1.0     [0.9849058  0.01509425]         **0.9849057514220476**
leila_dances_ca...l_R_SHO_ROLL_17       1.0     [0.93851715 0.06148286]         **0.9385171420872211**
female1_d3_conv...nonono_Hips_x_1       0.0     [0.00243704 0.997563  ]         **0.9975629611872137**
combo_1_R_SHO_R..._1_R_SHO_ROLL_3       1.0     [0.99087346 0.00912658]         **0.990873422473669**
leila_dances_ca...ong2_R_ELBOW_70       1.0     [0.99721354 0.00278649]         **0.9972135075367987**
male2_e3_crossl...left_Spine1_x_5       0.0     [0.05740842 0.9425916 ]         **0.9425915814936161**
female1_d2_wait...ghtForeArm_y_34       0.0     [0.01088749 0.98911256]         **0.9891125066205859**
female1_d2_wait...ehands_Hips_z_3       0.0     [0.0017975  0.99820244]         **0.9982025030767545**
why_cubic_0_HEA...ic_0_HEAD_PAN_3       1.0     [0.997757   0.00224302]         **0.9977569803595543**
female1_d2_wait...t_RightArm_x_30       0.0     [0.00375138 0.99624866]         **0.9962486191652715**
leila_dances_wa...ve2_HEAD_PAN_75       1.0     [0.99646336 0.00353662]         **0.9964633830823004**
female1_d1_urba...n_RightArm_x_39       0.0     [0.00126284 0.99873716]         **0.9987371619790792**
muscle_combo_2_...mbo_2_R_ELBOW_3       1.0     [0.98925775 0.01074227]         **0.9892577296122909**
clap_catmull-ro...om_0_HEAD_PAN_1       1.0     [0.9442518  0.05574822]         **0.9442517831921577**
female1_d2_wait...LeftForeArm_z_2       0.0     [0.00322052 0.9967795 ]         **0.9967794846743345**
combo_1_R_ELBOW...mbo_1_R_ELBOW_3       1.0     [0.99759775 0.00240224]         **0.9975977630820125**
male2_d10_victo...ry2_Spine1_x_14       0.0     [0.00316419 0.9968359 ]         **0.9968358082696795**
male2_e1_jablef...eft_LeftArm_x_7       0.0     [0.01036742 0.9896326 ]         **0.9896325813606381**
female1_d2_wait...ightForeArm_z_3       0.0     [0.00317399 0.99682605]         **0.9968260063324124**
male1_a3_swinga...LeftForeArm_y_6       0.0     [0.00728999 0.99271   ]         **0.9927100115455687**
leila_dances_R_...ances_R_ELBOW_7       1.0     [0.9944389  0.00556109]         **0.9944389052689075**
male2_d8_bowtor...ightForeArm_z_0       0.0     [0.00209215 0.9979079 ]         **0.9979078527539968**
leila_dances_ca...ng2_HEAD_PAN_58       1.0     [0.9989202  0.00107986]         **0.9989201410207897**
male2_d16_switc...ore_LeftArm_z_3       0.0     [0.04409993 0.9559001 ]         **0.9559000730514526**
female1_a04_loo..._look_Hips_y_19       0.0     [0.00276814 0.9972319 ]         **0.9972318646032363**
leila_dances_ca..._R_SHO_ROLL_193       1.0     [0.94979084 0.05020909]         **0.9497909136116505**
police_freeze_R...eeze_R_ELBOW_14       1.0     [0.98424983 0.0157502 ]         **0.9842498041689396**
male2_d9_warmup...up_RightArm_y_0       0.0     [0.01146745 0.98853254]         **0.9885325487703085**
female1_a03_swi...ng_RightArm_z_8       0.0     [0.00363063 0.99636936]         **0.9963693695608526**
leila_dances_ca...ng2_R_ELBOW_102       1.0     [0.99733955 0.00266049]         **0.9973395124543458**
male2_e1_jablef...ightForeArm_x_9       0.0     [0.01827697 0.981723  ]         **0.9817230310291052**
onguard_catmull...m_0_HEAD_PAN_11       1.0     [0.9984711  0.00152894]         **0.998471055412665**
nope_linear_L_S...r_L_SHO_PITCH_3       1.0     [0.9955449  0.00445504]         **0.9955449551343918**
victorypose_lon...ubic_HEAD_PAN_9       1.0     [0.99625266 0.00374732]         **0.9962526839226484**
male2_d12_ready...dy_LeftArm_y_13       0.0     [0.00849914 0.99150085]         **0.9915008563548326**
leila_dances_wa...2_L_SHO_ROLL_12       1.0     [0.99317306 0.00682694]         **0.9931730586104095**
female1_d1_urba...LeftForeArm_y_4       0.0     [0.01837523 0.9816248 ]         **0.981624772772193**
leila_dances_ca...mull_L_ELBOW_35       1.0     [0.9211183  0.07888172]         **0.9211182817816734**
police_freeze_c...0_L_SHO_PITCH_6       1.0     [0.98320144 0.0167986 ]         **0.9832014013081789**
female1_a02_swa...2_RightArm_x_10       0.0     [0.00267658 0.99732345]         **0.997323423391208**
female1_a03_swi...ightForeArm_z_7       0.0     [0.00380516 0.99619484]         **0.9961948352865875**
leila_dances_wa...0_L_SHO_ROLL_12       1.0     [0.99489707 0.00510295]         **0.9948970498517156**
alas_cubic_L_EL...cubic_L_ELBOW_2       1.0     [0.99745935 0.00254064]         **0.9974593627266586**
jump1_cubic_R_S...ic_R_SHO_ROLL_0       1.0     [0.9953831  0.00461694]         **0.9953830637969077**
female1_d3_conv...oint_Spine1_z_6       0.0     [0.00599066 0.9940094 ]         **0.994009337387979**
jump1_catmull-r...l-rom_R_ELBOW_2       1.0     [0.99745005 0.00254991]         **0.9974500897806138**
leila_dances_ca...long2_R_ELBOW_3       1.0     [0.9907102  0.00928982]         **0.9907101783901453**
male2_e8_upperc...ight_Spine1_z_5       0.0     [0.01762616 0.98237383]         **0.9823738429695368**
clap_linear_0_L...ear_0_L_ELBOW_7       1.0     [0.8414967  0.15850334]         **0.8414966613054276**
male2_d10_victo...y2_LeftArm_z_18       0.0     [0.00582115 0.9941789 ]         **0.9941788478754461**

================

Confusion matrix

================

        P       N
P       0       26
N       24      0
Precision: 0.0
Recall: 0.0

TensorBoard event: 20180215_213554

# FIXED TEST:
sample                                  actual          predicted               prediction error (over correct class)
leila_dances_wa...2_L_SHO_ROLL_82       0       [0.9849058  0.01509425]         0.015094220638275146
leila_dances_ca...l_R_SHO_ROLL_17       0       [0.93851715 0.06148286]         0.06148284673690796
female1_d3_conv...nonono_Hips_x_1       1       [0.00243704 0.997563  ]         0.002436995506286621
combo_1_R_SHO_R..._1_R_SHO_ROLL_3       0       [0.99087346 0.00912658]         0.009126543998718262
leila_dances_ca...ong2_R_ELBOW_70       0       [0.99721354 0.00278649]         0.0027864575386047363
male2_e3_crossl...left_Spine1_x_5       1       [0.05740842 0.9425916 ]         0.05740839242935181
female1_d2_wait...ghtForeArm_y_34       1       [0.01088749 0.98911256]         0.010887444019317627
female1_d2_wait...ehands_Hips_z_3       1       [0.0017975  0.99820244]         0.0017975568771362305
why_cubic_0_HEA...ic_0_HEAD_PAN_3       0       [0.997757   0.00224302]         0.0022429823875427246
female1_d2_wait...t_RightArm_x_30       1       [0.00375138 0.99624866]         0.0037513375282287598
leila_dances_wa...ve2_HEAD_PAN_75       0       [0.99646336 0.00353662]         0.0035366415977478027
female1_d1_urba...n_RightArm_x_39       1       [0.00126284 0.99873716]         0.0012628436088562012
muscle_combo_2_...mbo_2_R_ELBOW_3       0       [0.98925775 0.01074227]         0.010742247104644775
clap_catmull-ro...om_0_HEAD_PAN_1       0       [0.9442518  0.05574822]         0.05574822425842285
female1_d2_wait...LeftForeArm_z_2       1       [0.00322052 0.9967795 ]         0.003220498561859131
combo_1_R_ELBOW...mbo_1_R_ELBOW_3       0       [0.99759775 0.00240224]         0.0024022459983825684
male2_d10_victo...ry2_Spine1_x_14       1       [0.00316419 0.9968359 ]         0.0031641125679016113
male2_e1_jablef...eft_LeftArm_x_7       1       [0.01036742 0.9896326 ]         0.010367393493652344
female1_d2_wait...ightForeArm_z_3       1       [0.00317399 0.99682605]         0.0031739473342895508
male1_a3_swinga...LeftForeArm_y_6       1       [0.00728999 0.99271   ]         0.007290005683898926
leila_dances_R_...ances_R_ELBOW_7       0       [0.9944389  0.00556109]         0.005561113357543945
male2_d8_bowtor...ightForeArm_z_0       1       [0.00209215 0.9979079 ]         0.002092123031616211
leila_dances_ca...ng2_HEAD_PAN_58       0       [0.9989202  0.00107986]         0.0010797977447509766
male2_d16_switc...ore_LeftArm_z_3       1       [0.04409993 0.9559001 ]         0.04409992694854736
female1_a04_loo..._look_Hips_y_19       1       [0.00276814 0.9972319 ]         0.002768099308013916
leila_dances_ca..._R_SHO_ROLL_193       0       [0.94979084 0.05020909]         0.0502091646194458
police_freeze_R...eeze_R_ELBOW_14       0       [0.98424983 0.0157502 ]         0.01575016975402832
male2_d9_warmup...up_RightArm_y_0       1       [0.01146745 0.98853254]         0.011467456817626953
female1_a03_swi...ng_RightArm_z_8       1       [0.00363063 0.99636936]         0.0036306381225585938
leila_dances_ca...ng2_R_ELBOW_102       0       [0.99733955 0.00266049]         0.0026604533195495605
male2_e1_jablef...ightForeArm_x_9       1       [0.01827697 0.981723  ]         0.018276989459991455
onguard_catmull...m_0_HEAD_PAN_11       0       [0.9984711  0.00152894]         0.001528918743133545
nope_linear_L_S...r_L_SHO_PITCH_3       0       [0.9955449  0.00445504]         0.004455089569091797
victorypose_lon...ubic_HEAD_PAN_9       0       [0.99625266 0.00374732]         0.0037473440170288086
male2_d12_ready...dy_LeftArm_y_13       1       [0.00849914 0.99150085]         0.0084991455078125
leila_dances_wa...2_L_SHO_ROLL_12       0       [0.99317306 0.00682694]         0.006826937198638916
female1_d1_urba...LeftForeArm_y_4       1       [0.01837523 0.9816248 ]         0.0183752179145813
leila_dances_ca...mull_L_ELBOW_35       0       [0.9211183  0.07888172]         0.07888168096542358
police_freeze_c...0_L_SHO_PITCH_6       0       [0.98320144 0.0167986 ]         0.016798555850982666
female1_a02_swa...2_RightArm_x_10       1       [0.00267658 0.99732345]         0.002676546573638916
female1_a03_swi...ightForeArm_z_7       1       [0.00380516 0.99619484]         0.0038051605224609375
leila_dances_wa...0_L_SHO_ROLL_12       0       [0.99489707 0.00510295]         0.005102932453155518
alas_cubic_L_EL...cubic_L_ELBOW_2       0       [0.99745935 0.00254064]         0.0025406479835510254
jump1_cubic_R_S...ic_R_SHO_ROLL_0       0       [0.9953831  0.00461694]         0.004616916179656982
female1_d3_conv...oint_Spine1_z_6       1       [0.00599066 0.9940094 ]         0.00599062442779541
jump1_catmull-r...l-rom_R_ELBOW_2       0       [0.99745005 0.00254991]         0.0025499463081359863
leila_dances_ca...long2_R_ELBOW_3       0       [0.9907102  0.00928982]         0.009289801120758057
male2_e8_upperc...ight_Spine1_z_5       1       [0.01762616 0.98237383]         0.017626166343688965
clap_linear_0_L...ear_0_L_ELBOW_7       0       [0.8414967  0.15850334]         0.15850329399108887
male2_d10_victo...y2_LeftArm_z_18       1       [0.00582115 0.9941789 ]         0.005821108818054199

================

Confusion matrix

================

        P       N
P       24      0
N       0       26
Precision: 1.0
Recall: 1.0

# TEST2
sample                                  actual          predicted               prediction error (over correct class)
female1_d3_conv...ods_LeftArm_z_3       1       [0.00231772 0.9976822 ]         0.00231778621673584
female1_d3_conv...ods_LeftArm_x_9       1       [0.00176549 0.9982345 ]         0.0017654895782470703
female1_d2_wait...slump2_Hips_y_2       1       [0.00316497 0.99683505]         0.003164947032928467
male1_a3_swinga...ightForeArm_x_6       1       [0.00259284 0.99740714]         0.0025928616523742676
combo_1_R_ELBOW...bo_1_R_ELBOW_13       0       [0.9975681  0.00243191]         0.002431929111480713
female1_d1_urba...urban_Hips_z_10       1       [0.00511887 0.99488115]         0.005118846893310547
female1_d2_wait...ghtForeArm_x_78       1       [0.00298815 0.9970118 ]         0.0029882192611694336
female1_d2_wait...ghtForeArm_z_47       1       [0.00580009 0.9941999 ]         0.005800127983093262
leila_dances_ca..._L_SHO_ROLL_126       0       [0.9506479  0.04935208]         0.04935210943222046
male2_d16_switc...LeftForeArm_z_5       1       [0.02195487 0.9780451 ]         0.021954894065856934
wave3_catmull-r...rom_HEAD_TILT_0       0       [0.95219463 0.04780532]         0.04780536890029907
female1_d3_conv...int_LeftArm_z_6       1       [0.00819453 0.99180543]         0.008194565773010254
female1_d2_wait...LeftForeArm_z_0       1       [0.00158481 0.99841523]         0.001584768295288086
victorypose_lon...-rom_HEAD_PAN_2       0       [0.9920215  0.00797852]         0.007978498935699463
female1_d2_wait...p_RightArm_x_10       1       [0.00283073 0.9971693 ]         0.002830684185028076
male2_d8_bowtor...ghtForeArm_y_10       1       [0.03815361 0.9618464 ]         0.03815358877182007
nope_linear_HEA...ear_HEAD_TILT_4       0       [0.9978471  0.00215289]         0.0021529197692871094
police_freeze_c...om_0_L_ELBOW_11       0       [0.99209213 0.00790791]         0.007907867431640625
female1_d2_wait...ait_Spine1_y_27       1       [0.00417292 0.995827  ]         0.004172980785369873
female1_a02_swa...sway_Spine1_y_4       1       [0.00249648 0.9975036 ]         0.0024964213371276855
female1_a02_swa...yt2_LeftArm_z_0       1       [0.00503171 0.99496824]         0.005031764507293701
leila_dances_R_...ances_R_ELBOW_6       0       [0.9936731  0.00632689]         0.006326913833618164
female1_a04_loo...ok_LeftArm_y_44       1       [0.00302677 0.9969733 ]         0.003026723861694336
brah_linear_0_L...ear_0_L_ELBOW_0       0       [0.994117   0.00588297]         0.005882978439331055
female1_d2_wait...it_LeftArm_x_23       1       [0.0030078  0.99699223]         0.0030077695846557617
female1_a02_swa...eftForeArm_x_18       1       [0.00466211 0.99533784]         0.004662156105041504
wow_catmull-rom...om_L_SHO_ROLL_1       0       [0.99761236 0.00238767]         0.0023876428604125977
muscle_combo_2_..._2_R_SHO_ROLL_6       0       [0.9868268 0.0131732]   0.013173222541809082
female1_d2_wait...ghtForeArm_y_52       1       [0.01180478 0.9881952 ]         0.011804819107055664
female1_d3_conv...hyou_Spine1_x_4       1       [0.00313411 0.9968659 ]         0.0031340718269348145
muscle_combo_2_...2_L_SHO_ROLL_33       0       [0.9939028  0.00609722]         0.006097197532653809
female1_a04_loo...ghtForeArm_x_53       1       [0.00316063 0.9968394 ]         0.0031605958938598633
leila_dances_ca...ault_R_ELBOW_18       0       [9.9917775e-01 8.2220807e-04]   0.0008222460746765137
leila_dances_ca...ong2_R_ELBOW_70       0       [0.99773115 0.0022689 ]         0.002268850803375244
waiting_cubic_0...bic_0_R_ELBOW_8       0       [0.9979267  0.00207329]         0.0020732879638671875
female1_a03_swi...swing_Hips_x_24       1       [0.0025475  0.99745244]         0.0025475621223449707
leila_dances_wa..._0_HEAD_TILT_11       0       [0.9812152  0.01878476]         0.018784821033477783
leila_dances_wa...om_0_HEAD_PAN_0       0       [0.95695084 0.04304915]         0.043049156665802
onguard_linear_...0_L_SHO_PITCH_6       0       [0.9302376  0.06976239]         0.06976240873336792
victorypose_lon...om_R_SHO_ROLL_1       0       [0.985015   0.01498507]         0.01498502492904663
male2_d9_victor...ry1_Spine1_y_19       1       [0.01033767 0.9896624 ]         0.010337591171264648
female1_d1_urba...an_LeftArm_z_40       1       [0.00637709 0.99362296]         0.006377041339874268
male2_d12_ready...y_RightArm_z_12       1       [0.00479 0.99521]       0.004790008068084717
muscle_combo_2_...2_L_SHO_PITCH_3       0       [0.9957321  0.00426786]         0.004267871379852295
muscle_combo_2_...2_L_SHO_ROLL_34       0       [0.99831045 0.00168955]         0.0016895532608032227
muscle_combo_2_..._R_SHO_PITCH_34       0       [0.98029685 0.0197031 ]         0.019703149795532227
combo_1_linear_..._R_SHO_PITCH_19       0       [0.90810776 0.09189222]         0.09189224243164062
female1_a03_swi...gt2_LeftArm_y_8       1       [0.00985511 0.99014497]         0.009855031967163086
muscle_combo_2_..._L_SHO_PITCH_21       0       [0.99878496 0.00121501]         0.0012150406837463379
female1_a04_loo...ok_RightArm_y_1       1       [0.0048005  0.99519944]         0.004800558090209961

================

Confusion matrix

================

        P       N
P       27      0
N       0       23
Precision: 1.0
Recall: 1.0

# TEST 3

sample                                  actual          predicted               prediction error (over correct class)
police_freeze_R..._R_SHO_PITCH_14       0       [0.9136327 0.0863673]   0.08636730909347534
leila_dances_wa...ave2_R_ELBOW_50       0       [0.99647695 0.00352305]         0.0035230517387390137
leila_dances_ca...ng2_L_ELBOW_182       0       [0.9916636  0.00833639]         0.008336424827575684
police_freeze_H...eze_HEAD_TILT_4       0       [0.9666069  0.03339313]         0.03339308500289917
brah_catmull-ro..._0_R_SHO_ROLL_1       0       [9.992501e-01 7.499015e-04]     0.0007498860359191895
female1_d3_conv...ightForeArm_x_3       1       [0.00337856 0.9966215 ]         0.0033785104751586914
leila_danceswav...ve2_HEAD_PAN_86       0       [0.997142   0.00285795]         0.002857983112335205
leila_dances_ca...ull_HEAD_PAN_36       0       [0.99721944 0.00278053]         0.0027805566787719727
leila_dances_ca...g2_R_SHO_ROLL_7       0       [0.99437594 0.00562404]         0.005624055862426758
male2_d15_switc...ightForeArm_z_7       1       [0.2203553  0.77964467]         0.2203553318977356
male1_a5_pickup...pbox_Spine1_y_3       1       [0.00479519 0.9952048 ]         0.004795193672180176
male2_d10_victo...ghtForeArm_y_15       1       [0.01691865 0.9830814 ]         0.016918599605560303
leila_dances_li...ear_0_L_ELBOW_1       0       [0.9854848  0.01451522]         0.014515221118927002
wave2_catmull-r...m_L_SHO_ROLL_13       0       [0.99625707 0.00374298]         0.0037429332733154297
female1_d2_wait...eftForeArm_x_36       1       [0.00571137 0.99428856]         0.0057114362716674805
male1_a5_pickup...LeftForeArm_z_0       1       [0.00771474 0.99228525]         0.007714748382568359
victorypose_lon...near_HEAD_PAN_1       0       [0.9597193  0.04028073]         0.040280699729919434
female1_d2_wait...ss_RightArm_z_5       1       [0.00126865 0.9987313 ]         0.0012686848640441895
jump1_catmull-r...om_R_SHO_ROLL_1       0       [0.99845016 0.00154983]         0.001549839973449707
leila_dances_ca...ng2_L_ELBOW_120       0       [0.99095845 0.00904154]         0.009041547775268555
jump1_linear_HE...ear_HEAD_TILT_9       0       [0.9637804  0.03621953]         0.03621959686279297
female1_a02_swa...LeftForeArm_x_7       1       [0.00270579 0.99729425]         0.0027057528495788574
female1_a03_swi...ng_LeftArm_z_13       1       [0.00246728 0.9975327 ]         0.0024672746658325195
nope_linear_HEA...ear_HEAD_TILT_8       0       [0.9380942 0.0619058]   0.06190580129623413
leila_dances_ca...ng2_L_ELBOW_189       0       [0.99701154 0.00298849]         0.002988457679748535
female1_d2_wait..._wait_Hips_x_13       1       [0.00336425 0.99663574]         0.003364264965057373
victorypose_lon..._0_R_SHO_ROLL_0       0       [0.9942979  0.00570213]         0.005702078342437744
female1_d3_conv...ypoint_Hips_z_4       1       [0.00260338 0.9973966 ]         0.0026034116744995117
female1_d3_conv...oint_Spine1_z_5       1       [0.00231432 0.9976857 ]         0.002314329147338867
female1_d2_wait...ds_RightArm_x_1       1       [0.00229537 0.9977047 ]         0.0022953152656555176
female1_d3_conv...ou_RightArm_y_2       1       [0.00120488 0.99879515]         0.001204848289489746
female1_a05_pic...ox_RightArm_x_6       1       [0.00327223 0.9967277 ]         0.0032722949981689453
alas_catmull-ro..._R_SHO_PITCH_12       0       [0.99875367 0.0012463 ]         0.001246333122253418
yawn_linear_R_S...r_R_SHO_PITCH_5       0       [0.998108   0.00189197]         0.0018919706344604492
leila_dances_wa..._L_SHO_PITCH_12       0       [0.9971033  0.00289668]         0.002896726131439209
wave3_linear_L_...inear_L_ELBOW_1       0       [0.98116416 0.01883589]         0.018835842609405518
male2_d12_ready...ady_Spine1_z_11       1       [0.00264706 0.99735296]         0.0026470422744750977
female1_a05_pic...upbox_Hips_y_12       1       [0.01191077 0.98808926]         0.011910736560821533
female1_a06_lif...ftbox_Hips_y_11       1       [0.00514179 0.99485826]         0.005141735076904297
jump1_cubic_HEA...ubic_HEAD_PAN_1       0       [0.9503559  0.04964412]         0.0496441125869751
female1_a06_lif...ox_RightArm_x_0       1       [0.00325128 0.9967487 ]         0.003251314163208008
combo_1_cubic_0...bic_0_R_ELBOW_4       0       [0.99888045 0.00111958]         0.0011195540428161621
female1_a06_lif...LeftForeArm_y_8       1       [0.00491061 0.9950895 ]         0.004910528659820557
leila_dances_ca...ong2_R_ELBOW_95       0       [0.9907161 0.0092839]   0.009283900260925293
female1_d2_wait...nds_LeftArm_z_1       1       [0.00153029 0.99846965]         0.0015303492546081543
male2_d9_victor...ry1_Spine1_z_11       1       [0.00339238 0.99660766]         0.003392338752746582
search_catmull-...m_R_SHO_ROLL_14       0       [0.99632394 0.00367603]         0.0036760568618774414
muscle_flex_0_L...0_L_SHO_PITCH_4       0       [0.9965809  0.00341909]         0.0034191012382507324
victorypose_lon...-rom_HEAD_PAN_2       0       [0.9887544  0.01124561]         0.01124560832977295
female1_d3_conv...ightForeArm_y_5       1       [0.00760062 0.9923994 ]         0.007600605487823486

================

Confusion matrix

================

        P       N
P       23      0
N       0       27
Precision: 1.0
Recall: 1.0