_________________________________________________________________
Layer (type)                 Output Shape              Param #   
=================================================================
gru_1 (GRU)                  (50, 50, 64)              12672     
_________________________________________________________________
gru_2 (GRU)                  (50, 50, 128)             74112     
_________________________________________________________________
gru_3 (GRU)                  (50, 50, 256)             295680    
_________________________________________________________________
dense_5 (Dense)              (50, 50, 2)               514       
=================================================================
Total params: 382,978
Trainable params: 382,978
Non-trainable params: 0
_________________________________________________________________
None
Train on 19250 samples, validate on 2350 samples
Epoch 1/20
19250/19250 [==============================] - 125s 6ms/step - loss: 0.6922 - acc: 0.4965 - val_loss: 0.7058 - val_acc: 0.5143
Epoch 2/20
19250/19250 [==============================] - 125s 6ms/step - loss: 0.6747 - acc: 0.5828 - val_loss: 0.6684 - val_acc: 0.5998
Epoch 3/20
19250/19250 [==============================] - 125s 6ms/step - loss: 0.6640 - acc: 0.6026 - val_loss: 0.6561 - val_acc: 0.6094
Epoch 4/20
19250/19250 [==============================] - 125s 6ms/step - loss: 0.6543 - acc: 0.6144 - val_loss: 0.6503 - val_acc: 0.6153
Epoch 5/20
19250/19250 [==============================] - 125s 6ms/step - loss: 0.5970 - acc: 0.6717 - val_loss: 0.5093 - val_acc: 0.7342
Epoch 6/20
19250/19250 [==============================] - 127s 7ms/step - loss: 0.4053 - acc: 0.8041 - val_loss: 0.3083 - val_acc: 0.8579
Epoch 7/20
19250/19250 [==============================] - 125s 6ms/step - loss: 0.2835 - acc: 0.8692 - val_loss: 0.2368 - val_acc: 0.8941
Epoch 8/20
19250/19250 [==============================] - 124s 6ms/step - loss: 0.2350 - acc: 0.8942 - val_loss: 0.2268 - val_acc: 0.8995
Epoch 9/20
19250/19250 [==============================] - 123s 6ms/step - loss: 0.2115 - acc: 0.9052 - val_loss: 0.1981 - val_acc: 0.9115
Epoch 10/20
19250/19250 [==============================] - 123s 6ms/step - loss: 0.1956 - acc: 0.9132 - val_loss: 0.1880 - val_acc: 0.9171
Epoch 11/20
19250/19250 [==============================] - 124s 6ms/step - loss: 0.1862 - acc: 0.9177 - val_loss: 0.1979 - val_acc: 0.9101
Epoch 12/20
19250/19250 [==============================] - 119s 6ms/step - loss: 0.1818 - acc: 0.9194 - val_loss: 0.1746 - val_acc: 0.9222
Epoch 13/20
19250/19250 [==============================] - 119s 6ms/step - loss: 0.1759 - acc: 0.9221 - val_loss: 0.1674 - val_acc: 0.9271
Epoch 14/20
19250/19250 [==============================] - 117s 6ms/step - loss: 0.1724 - acc: 0.9230 - val_loss: 0.1612 - val_acc: 0.9299
Epoch 15/20
19250/19250 [==============================] - 117s 6ms/step - loss: 0.1692 - acc: 0.9258 - val_loss: 0.1583 - val_acc: 0.9301
Epoch 16/20
19250/19250 [==============================] - 117s 6ms/step - loss: 0.1654 - acc: 0.9265 - val_loss: 0.1621 - val_acc: 0.9273
Epoch 17/20
19250/19250 [==============================] - 117s 6ms/step - loss: 0.1673 - acc: 0.9271 - val_loss: 0.1584 - val_acc: 0.9306
Epoch 18/20
19250/19250 [==============================] - 117s 6ms/step - loss: 0.1642 - acc: 0.9278 - val_loss: 0.1734 - val_acc: 0.9215
Epoch 19/20
19250/19250 [==============================] - 117s 6ms/step - loss: 0.1623 - acc: 0.9287 - val_loss: 0.1595 - val_acc: 0.9300
Epoch 20/20
19250/19250 [==============================] - 117s 6ms/step - loss: 0.1580 - acc: 0.9299 - val_loss: 0.1759 - val_acc: 0.9260
Training Elapsed: 0:40:31.585343
Shuffle: [1182 1254 1744 2233  962 1633  474  815  646  566 1594  787   43   95
 1607  481 1962 1258  984 1219  284  827  249 1263  420 1207 1590 2167
 2060 1514  584 1485 1680  266 1604  596 1427  146  279  851 1983 1143
 1635  627 1046  757  426  513   74 1752]
Shuffled: 50 data and 50 labels
Elapsed: 0:00:00.001454
sample                                  actual          predicted               prediction error (over correct class)
female1_a06_lif...oxt2_Spine1_x_2       1       [9.620971e-04 9.990380e-01]     0.0009620189666748047
female1_d3_conv...ds_RightArm_y_9       1       [0.00255624 0.9974438 ]         0.0025562047958374023
female1_a06_lif...t2_LeftArm_x_15       1       [0.0016195  0.99838054]         0.0016194581985473633
female1_a04_loo...ook_Spine1_y_10       1       [0.00359263 0.99640733]         0.00359266996383667
female1_a04_loo...eftForeArm_z_46       1       [0.00277954 0.9972205 ]         0.0027794837951660156
male2_d11_ready...y_RightArm_z_10       1       [0.00541451 0.9945856 ]         0.005414426326751709
male1_a6_liftbo...LeftForeArm_z_2       1       [0.01000793 0.9899921 ]         0.010007917881011963
alas2_catmull-r...l-rom_L_ELBOW_6       0       [0.9980428  0.00195717]         0.0019571781158447266
pickupbox_linea...inear_R_ELBOW_3       0       [0.9951428 0.0048572]   0.004857182502746582
muscle_flex_cub...cubic_L_ELBOW_2       0       [0.9850043  0.01499573]         0.014995694160461426
female1_d2_wait...LeftForeArm_y_8       1       [8.4636325e-04 9.9915361e-01]   0.0008463859558105469
leila_dances_ca...l_L_SHO_ROLL_20       0       [0.9406754  0.05932469]         0.05932462215423584
foo_L_SHO_PITCH...o_L_SHO_PITCH_6       0       [0.9942029  0.00579706]         0.005797088146209717
muscle_combo_1_...0_L_SHO_PITCH_6       0       [9.9914527e-01 8.5475965e-04]   0.0008547306060791016
female1_a04_loo...ghtForeArm_y_41       1       [0.00263737 0.9973627 ]         0.002637326717376709
female1_a02_swa...eftForeArm_z_41       1       [0.00509872 0.9949013 ]         0.005098700523376465
pickupbox_linea...ar_L_SHO_ROLL_8       0       [0.98129797 0.01870205]         0.018702030181884766
male1_a7_crouch...ghtForeArm_z_17       1       [0.99502265 0.00497737]         **0.9950226349756122**
leila_dances_li...ear_0_R_ELBOW_3       0       [0.98704624 0.01295377]         0.012953758239746094
female1_d1_urba...an_LeftArm_y_21       1       [0.00255719 0.99744284]         0.0025571584701538086
male1_a7_crouch...uch_LeftArm_x_1       1       [0.0610984 0.9389016]   0.06109839677810669
search_catmull-..._R_SHO_PITCH_11       0       [0.9977617  0.00223828]         0.0022382736206054688
leila_dances_ca..._R_SHO_ROLL_124       0       [0.9941906  0.00580944]         0.005809426307678223
wave1_catmull-r...-rom_HEAD_PAN_9       0       [0.9465325  0.05346758]         0.053467512130737305
muscle_combo_2_...2_L_SHO_ROLL_25       0       [0.99828064 0.00171939]         0.001719355583190918
muscle_flex_cat..._R_SHO_PITCH_11       0       [0.9983286 0.0016714]   0.0016713738441467285
male2_e7_upperc...left_Spine1_x_1       1       [0.00741275 0.99258727]         0.007412731647491455
leila_dances_ca...long_HEAD_PAN_3       0       [0.9982829  0.00171706]         0.0017170906066894531
male2_d9_victor...y1_LeftArm_y_16       1       [0.00131638 0.99868363]         0.001316368579864502
male2_a3_swinga...ghtForeArm_x_12       1       [0.00142508 0.99857485]         0.0014251470565795898
alas_mirror_cub...ubic_L_ELBOW_16       0       [0.99896705 0.00103299]         0.0010329484939575195
alas_catmull-ro...rom_HEAD_TILT_6       0       [0.9987488  0.00125118]         0.001251220703125
leila_dances_ca...ng2_R_ELBOW_120       0       [0.996837   0.00316299]         0.003162980079650879
female1_d3_conv...LeftForeArm_x_2       1       [0.00253549 0.99746454]         0.0025354623794555664
victorypose_lon...0_R_SHO_PITCH_8       0       [9.9915874e-01 8.4121106e-04]   0.0008412599563598633
leila_danceswav...ve2_HEAD_PAN_24       0       [0.997603   0.00239703]         0.002397000789642334
leila_dances_ca...g_L_SHO_ROLL_73       0       [0.90001357 0.09998643]         0.09998643398284912
female1_a03_swi...ng_LeftArm_z_26       1       [0.01528957 0.9847104 ]         0.015289604663848877
onguard_catmull...0_R_SHO_ROLL_12       0       [0.39318126 0.6068188 ]         **0.6068187355995178**
female1_a04_loo...ghtForeArm_y_18       1       [0.00504574 0.9949543 ]         0.005045711994171143
female1_a05_pic...eftForeArm_y_10       1       [0.00583313 0.99416685]         0.005833148956298828
alas2_catmull-r...m_R_SHO_PITCH_4       0       [0.99794143 0.00205853]         0.002058565616607666
male2_d10_victo...ory2_Spine1_x_2       1       [0.01350453 0.9864955 ]         0.013504505157470703
male2_d12_ready...ightForeArm_y_2       1       [0.0053462 0.9946538]   0.005346179008483887
male2_d15_switc...nce_LeftArm_z_1       1       [0.00793767 0.99206233]         0.00793766975402832
male2_e8_upperc...LeftForeArm_x_0       1       [0.00182972 0.99817026]         0.0018297433853149414
combo_1_R_SHO_P..._R_SHO_PITCH_34       0       [9.9906284e-01 9.3720522e-04]   0.0009371638298034668
female1_d1_urba...n_RightArm_y_12       1       [0.00159508 0.9984049 ]         0.0015950798988342285
female1_d1_urba...urban_Hips_y_19       1       [0.01563113 0.9843688 ]         0.01563119888305664
leila_dances_wa...ave2_L_ELBOW_40       0       [0.9987155  0.00128452]         0.001284480094909668

================

Confusion matrix

================

        P       N
P       25      1
N       1       23
Precision: 0.9615384615384616
Recall: 0.9615384615384616

Tensorboard: 20180302_170541