_________________________________________________________________
Layer (type)                 Output Shape              Param #   
=================================================================
lstm_6 (LSTM)                (50, 50, 64)              16896     
_________________________________________________________________
lstm_7 (LSTM)                (50, 50, 128)             98816     
_________________________________________________________________
lstm_8 (LSTM)                (50, 50, 256)             394240    
_________________________________________________________________
dense_4 (Dense)              (50, 50, 2)               514       
=================================================================
Total params: 510,466
Trainable params: 510,466
Non-trainable params: 0
_________________________________________________________________
None
Train on 19150 samples, validate on 2350 samples
Epoch 1/20
19150/19150 [==============================] - 153s 8ms/step - loss: 0.6916 - acc: 0.5147 - val_loss: 0.6750 - val_acc: 0.5788
Epoch 2/20
19150/19150 [==============================] - 152s 8ms/step - loss: 0.6737 - acc: 0.5887 - val_loss: 0.6733 - val_acc: 0.5788
Epoch 3/20
19150/19150 [==============================] - 152s 8ms/step - loss: 0.6674 - acc: 0.5965 - val_loss: 0.6664 - val_acc: 0.5968
Epoch 4/20
19150/19150 [==============================] - 155s 8ms/step - loss: 0.6646 - acc: 0.6003 - val_loss: 0.6599 - val_acc: 0.6042
Epoch 5/20
19150/19150 [==============================] - 147s 8ms/step - loss: 0.6622 - acc: 0.6047 - val_loss: 0.6543 - val_acc: 0.6103
Epoch 6/20
19150/19150 [==============================] - 147s 8ms/step - loss: 0.6605 - acc: 0.6071 - val_loss: 0.6566 - val_acc: 0.6084
Epoch 7/20
19150/19150 [==============================] - 146s 8ms/step - loss: 0.6560 - acc: 0.6112 - val_loss: 0.6517 - val_acc: 0.6146
Epoch 8/20
19150/19150 [==============================] - 145s 8ms/step - loss: 0.6541 - acc: 0.6159 - val_loss: 0.6450 - val_acc: 0.6193
Epoch 9/20
19150/19150 [==============================] - 145s 8ms/step - loss: 0.6484 - acc: 0.6210 - val_loss: 0.6404 - val_acc: 0.6219
Epoch 10/20
19150/19150 [==============================] - 146s 8ms/step - loss: 0.6353 - acc: 0.6384 - val_loss: 0.6401 - val_acc: 0.6339
Epoch 11/20
19150/19150 [==============================] - 146s 8ms/step - loss: 0.5730 - acc: 0.6950 - val_loss: 0.5343 - val_acc: 0.7170
Epoch 12/20
19150/19150 [==============================] - 146s 8ms/step - loss: 0.4930 - acc: 0.7492 - val_loss: 0.4793 - val_acc: 0.7531
Epoch 13/20
19150/19150 [==============================] - 146s 8ms/step - loss: 0.4289 - acc: 0.7917 - val_loss: 0.4097 - val_acc: 0.8011
Epoch 14/20
19150/19150 [==============================] - 146s 8ms/step - loss: 0.3942 - acc: 0.8106 - val_loss: 0.3699 - val_acc: 0.8236
Epoch 15/20
19150/19150 [==============================] - 146s 8ms/step - loss: 0.3570 - acc: 0.8326 - val_loss: 0.3333 - val_acc: 0.8448
Epoch 16/20
19150/19150 [==============================] - 146s 8ms/step - loss: 0.3450 - acc: 0.8396 - val_loss: 0.2878 - val_acc: 0.8687
Epoch 17/20
19150/19150 [==============================] - 145s 8ms/step - loss: 0.3283 - acc: 0.8496 - val_loss: 0.3136 - val_acc: 0.8613
Epoch 18/20
19150/19150 [==============================] - 145s 8ms/step - loss: 0.3126 - acc: 0.8559 - val_loss: 0.2811 - val_acc: 0.8753
Epoch 19/20
19150/19150 [==============================] - 145s 8ms/step - loss: 0.3034 - acc: 0.8614 - val_loss: 0.2695 - val_acc: 0.8829
Epoch 20/20
19150/19150 [==============================] - 145s 8ms/step - loss: 0.3072 - acc: 0.8603 - val_loss: 0.3089 - val_acc: 0.8550
Training Elapsed: 0:49:07.884624
Shuffle: [1570  166 2339  886  765 1775 2069   73  569 1958  723 1980 1627  853
 1141  354  425 1640  298  335  207 2150 1820  944  330  510 1992 1394
 1933  103 2193 1925   31 2084 2294 2440 1696  806  489 1761  106  233
 1021   10  916  282  594 1299  494 2247]
Shuffled: 50 data and 50 labels
Elapsed: 0:00:00.002722
sample                                  actual          predicted               prediction error (over correct class)
leila_danceswav..._0_R_SHO_ROLL_3       0       [0.8738879 0.1261121]   0.12611210346221924
victorypose_lon...bic_0_R_ELBOW_3       0       [0.97217673 0.0278233 ]         0.027823269367218018
male2_d13_crouc...oready_Hips_z_6       1       [0.00474975 0.9952502 ]         0.004749774932861328
leila_dances_ca...long_R_ELBOW_43       0       [0.967502 0.032498]     0.03249800205230713
leila_dances_ca...t_R_SHO_PITCH_4       0       [0.9468705  0.05312949]         0.053129494190216064
alas2_linear_HE...ear_HEAD_TILT_6       0       [0.93638253 0.0636175 ]         0.06361746788024902
male1_a6_liftbo...box_Spine1_y_10       1       [0.00828728 0.9917127 ]         0.008287310600280762
female1_d2_wait...eftForeArm_x_49       1       [0.00898321 0.99101675]         0.008983254432678223
muscle_combo_2_..._R_SHO_PITCH_24       0       [0.95071954 0.04928048]         0.04928046464920044
female1_a02_swa...ghtForeArm_x_31       1       [0.00585163 0.9941484 ]         0.005851626396179199
female1_d3_conv...ightForeArm_y_1       1       [0.0144649  0.98553514]         0.014464855194091797
female1_d2_wait...p2_RightArm_x_6       1       [0.00828567 0.9917143 ]         0.008285701274871826
nope_linear_HEA...ar_HEAD_TILT_10       0       [0.76687807 0.23312186]         0.23312193155288696
female1_d2_wait...t_LeftArm_z_105       1       [0.01761698 0.982383  ]         0.017616987228393555
pickupbox_cubic...bic_HEAD_TILT_2       0       [0.91164947 0.08835061]         0.08835053443908691
female1_d3_conv...mean_Spine1_z_6       1       [0.00903942 0.99096054]         0.009039461612701416
female1_d2_wait...LeftForeArm_z_7       1       [0.00941223 0.9905877 ]         0.009412288665771484
male2_d12_ready...eady_Spine1_y_1       1       [0.03464553 0.9653545 ]         0.03464549779891968
male2_d13_crouc...ady_Spine1_x_10       1       [0.5827761 0.4172239]   **0.5827760994434357**
nope_linear_R_S...r_R_SHO_ROLL_12       0       [0.732821   0.26717895]         0.267179012298584
alas_cubic_R_SH...ic_R_SHO_ROLL_8       0       [0.9316607  0.06833931]         0.0683392882347107
female1_d1_urba...ban_LeftArm_y_8       1       [0.00807602 0.991924  ]         0.008076012134552002
leila_dances_ca...2_L_SHO_ROLL_78       0       [0.8122802 0.1877198]   0.18771982192993164
muscle_combo_2_...0_R_SHO_ROLL_22       0       [0.9293978  0.07060216]         0.0706021785736084
male2_a3_swinga...fps_Spine1_z_19       1       [0.06638461 0.9336154 ]         0.06638461351394653
male1_a5_pickup...ox_RightArm_z_1       1       [0.01377642 0.98622364]         0.01377636194229126
brah_cubic_0_HE...c_0_HEAD_PAN_22       0       [0.66481173 0.3351883 ]         0.33518826961517334
leila_dances_ca...l_R_SHO_ROLL_21       0       [0.91751736 0.08248267]         0.08248263597488403
alas_mirror_cub...ic_L_SHO_ROLL_8       0       [0.9118296  0.08817042]         0.08817040920257568
female1_d3_conv...ay_RightArm_x_5       1       [0.00607929 0.9939207 ]         0.006079316139221191
brah_catmull-ro..._0_L_SHO_ROLL_8       0       [0.7983834  0.20161663]         0.2016165852546692
yawn_linear_HEA...near_HEAD_PAN_3       0       [0.8881883  0.11181165]         0.11181169748306274
male2_d10_victo...eftForeArm_y_20       1       [0.04027908 0.95972097]         0.04027903079986572
victorypose_lon...c_L_SHO_PITCH_7       0       [0.26918975 0.7308102 ]         **0.7308102548122406**
jump1_linear_R_...ar_R_SHO_ROLL_8       0       [0.94758135 0.05241863]         0.052418649196624756
wave2_catmull-r...om_HEAD_TILT_13       0       [0.9405508  0.05944923]         0.059449195861816406
combo_1_linear_..._L_SHO_PITCH_18       0       [0.97226006 0.02773996]         0.02773994207382202
male2_d9_warmup...ghtForeArm_x_13       1       [0.01848639 0.9815136 ]         0.018486380577087402
leila_dances_wa...2_R_SHO_ROLL_89       0       [0.8920687  0.10793129]         0.10793131589889526
male2_d4_readyt...ax_RightArm_y_8       1       [0.01071905 0.989281  ]         0.010719001293182373
female1_a03_swi...ing_LeftArm_z_8       1       [0.01125409 0.98874587]         0.01125413179397583
female1_d2_wait...it_RightArm_x_0       1       [0.00628819 0.9937118 ]         0.00628817081451416
onguard_R_SHO_R...d_R_SHO_ROLL_11       0       [0.862295   0.13770507]         0.1377050280570984
male2_d9_warmup...mup_LeftArm_z_0       1       [0.01183593 0.98816407]         0.011835932731628418
male2_e7_upperc...eft_LeftArm_x_0       1       [0.02648045 0.97351956]         0.026480436325073242
muscle_flex_R_S...x_R_SHO_PITCH_0       0       [0.9448396  0.05516046]         0.05516040325164795
male2_d9_victor...ry1_Spine1_y_19       1       [0.06153707 0.938463  ]         0.06153702735900879
female1_a03_swi...ng_LeftArm_z_25       1       [0.00961463 0.9903854 ]         0.00961458683013916
female1_a02_swa...ay_LeftArm_y_10       1       [0.00774623 0.99225384]         0.00774616003036499
female1_d1_urba...thands_Hips_y_6       1       [0.00871051 0.9912895 ]         0.008710503578186035

================

Confusion matrix

================

        P       N
P       25      1
N       1       23
Precision: 0.9615384615384616
Recall: 0.9615384615384616

Tensorboard: 20180302_145716
